<?xml version="1.0" encoding="UTF-8"?>
<!-- Generated by org.testng.reporters.JUnitReportReporter -->
<testsuite skipped="0" hostname="Leos-MacBook-Pro.local" name="CountersTest" tests="1" failures="0" timestamp="19 Jul 2017 22:47:58 GMT" time="145.076" errors="0">
  <testcase name="testCounters" time="145.076" classname="CountersTest"/>
</testsuite> <!-- CountersTest -->
