<?xml version="1.0" encoding="UTF-8"?>
<!-- Generated by org.testng.reporters.JUnitReportReporter -->
<testsuite skipped="0" hostname="Leos-MacBook-Pro.local" name="CountersTest" tests="1" failures="0" timestamp="24 Jul 2017 19:51:09 GMT" time="20.499" errors="0">
  <testcase name="addTen" time="20.499" classname="CountersTest"/>
</testsuite> <!-- CountersTest -->
